Starting Mapper (v.1.33.1)...
Mapper initialization...
Sprite manager initialization...
Sprite manager initialization complete.
Init interface.
Init interface complete.
Script system initialization...
Reload scripts...
Reload scripts complete.
Bind reserved functions...
Bind reserved functions complete.
Script system initialization complete.
Loaded<143> critter types.
Item manager initialization...
Item manager initialization complete.
Loading items prototypes...
Items prototypes successfully loaded, count<10099>.
Critter manager initialization...
Critter manager initialization complete.
Loading critters prototypes...
Loaded<120> critter protos, errors<0>.
Hex field initialization...
Hex field initialization complete.
Mapper initialization complete.
Create map from prototype.
Create map from prototype complete.
Script callback: DrtTst : mapper_tilebrush : CTilesMix@ CTilesMix::GenNewTilesMix(uint16, uint16, uint8) : 4585, 1 : FOMapper::ParseMouse : Mapper.
Script callback: DrtDrt : mapper_tilebrush : CTilesMix@ CTilesMix::GenNewTilesMix(uint16, uint16, uint8) : 4585, 1 : FOMapper::ParseMouse : Mapper.
Script callback: Error: No tile in X=140 Y=105 : mapper_tilebrush : CTilesMix@ CTilesMix::GenTilesMixByHex(uint16, uint16) : 4516, 1 : FOMapper::ParseMouse : Mapper.
Script callback: TilesMix not created : mapper_tilebrush : bool CTilesMix::DrawNeeded(uint16, uint16, uint8) : 4498, 1 : FOMapper::ParseMouse : Mapper.
Script callback: DrtDrt : mapper_tilebrush : CTilesMix@ CTilesMix::GenNewTilesMix(uint16, uint16, uint8) : 4585, 1 : FOMapper::ParseMouse : Mapper.
Script callback: Error: No tile in X=139 Y=105 : mapper_tilebrush : CTilesMix@ CTilesMix::GenTilesMixByHex(uint16, uint16) : 4516, 1 : FOMapper::ParseMouse : Mapper.
Script callback: TilesMix not created : mapper_tilebrush : bool CTilesMix::DrawNeeded(uint16, uint16, uint8) : 4498, 1 : FOMapper::ParseMouse : Mapper.
Script exception: Index out of bounds : mapper_tilebrush : CTileSet@ CTilesMix::GetFirstPathStep(string, string, uint8&inout) : 4637, 1 : FOMapper::ParseMouse : Mapper.
Execution of script stopped due to exception.
Context<FOMapper::ParseMouse : Mapper>, state<Exception>, call stack<11>:
  10) mapper_tilebrush : CTileSet@ CTilesMix::GetFirstPathStep(string, string, uint8&inout) : 4637, 1.
  9) mapper_tilebrush : CTileSet@ CTilesMix::GetFirstStepTileSet(string, uint16, uint16, uint8, uint8 arg4 = 1) : 4607, 1.
  8) mapper_tilebrush : CTilesMix@ CTilesMix::GenNewTilesMix(uint16, uint16, uint8) : 4574, 1.
  7) mapper_tilebrush : void CTilesMix::DrawTileMix(uint16, uint16) : 4485, 1.
  6) mapper_tilebrush : void CTilesMix::DrawTileMix(uint16, uint16) : 4486, 1.
  5) mapper_tilebrush : void CTilesMix::DrawTileMix(uint16, uint16) : 4486, 1.
  4) mapper_tilebrush : void CTilesMix::DrawTileMix(uint16, uint16) : 4486, 1.
  3) mapper_tilebrush : void CTileSet::Draw() : 4724, 1.
  2) mapper_tilebrush : void DrawTile() : 5042, 1.
  1) mapper_tilebrush : void TileBrushMouseMove(int, int) : 5087, 1.
  0) mapper_main : void mouse_move(int, int) : 8283, 1.
Script callback: Error: No tile in X=140 Y=105 : mapper_tilebrush : CTilesMix@ CTilesMix::GenTilesMixByHex(uint16, uint16) : 4516, 1 : FOMapper::ParseMouse : Mapper.
Script callback: Not valid tilemix (probably no tile in place) : mapper_tilebrush : CTileSet@ CTilesMix::GetFirstStepTileSet(string, uint16, uint16, uint8, uint8 arg4 = 1) : 4602, 1 : FOMapper::ParseMouse : Mapper.
Script exception: Null pointer access : mapper_tilebrush : CTilesMix@ CTilesMix::GenNewTilesMix(uint16, uint16, uint8) : 4575, 1 : FOMapper::ParseMouse : Mapper.
Execution of script stopped due to exception.
Context<FOMapper::ParseMouse : Mapper>, state<Exception>, call stack<6>:
  5) mapper_tilebrush : CTilesMix@ CTilesMix::GenNewTilesMix(uint16, uint16, uint8) : 4575, 1.
  4) mapper_tilebrush : void CTilesMix::DrawTileMix(uint16, uint16) : 4485, 1.
  3) mapper_tilebrush : void CTileSet::Draw() : 4724, 1.
  2) mapper_tilebrush : void DrawTile() : 5042, 1.
  1) mapper_tilebrush : void TileBrushMouseMove(int, int) : 5087, 1.
  0) mapper_main : void mouse_move(int, int) : 8283, 1.
Script callback: Error: No tile in X=140 Y=105 : mapper_tilebrush : CTilesMix@ CTilesMix::GenTilesMixByHex(uint16, uint16) : 4516, 1 : FOMapper::ParseMouse : Mapper.
Script callback: Not valid tilemix (probably no tile in place) : mapper_tilebrush : CTileSet@ CTilesMix::GetFirstStepTileSet(string, uint16, uint16, uint8, uint8 arg4 = 1) : 4602, 1 : FOMapper::ParseMouse : Mapper.
Script exception: Null pointer access : mapper_tilebrush : CTilesMix@ CTilesMix::GenNewTilesMix(uint16, uint16, uint8) : 4575, 1 : FOMapper::ParseMouse : Mapper.
Execution of script stopped due to exception.
Context<FOMapper::ParseMouse : Mapper>, state<Exception>, call stack<6>:
  5) mapper_tilebrush : CTilesMix@ CTilesMix::GenNewTilesMix(uint16, uint16, uint8) : 4575, 1.
  4) mapper_tilebrush : void CTilesMix::DrawTileMix(uint16, uint16) : 4485, 1.
  3) mapper_tilebrush : void CTileSet::Draw() : 4724, 1.
  2) mapper_tilebrush : void DrawTile() : 5042, 1.
  1) mapper_tilebrush : void TileBrushMouseMove(int, int) : 5087, 1.
  0) mapper_main : void mouse_move(int, int) : 8283, 1.
Script callback: Error: No tile in X=140 Y=105 : mapper_tilebrush : CTilesMix@ CTilesMix::GenTilesMixByHex(uint16, uint16) : 4516, 1 : FOMapper::ParseMouse : Mapper.
Script callback: Not valid tilemix (probably no tile in place) : mapper_tilebrush : CTileSet@ CTilesMix::GetFirstStepTileSet(string, uint16, uint16, uint8, uint8 arg4 = 1) : 4602, 1 : FOMapper::ParseMouse : Mapper.
Script exception: Null pointer access : mapper_tilebrush : CTilesMix@ CTilesMix::GenNewTilesMix(uint16, uint16, uint8) : 4575, 1 : FOMapper::ParseMouse : Mapper.
Execution of script stopped due to exception.
Context<FOMapper::ParseMouse : Mapper>, state<Exception>, call stack<6>:
  5) mapper_tilebrush : CTilesMix@ CTilesMix::GenNewTilesMix(uint16, uint16, uint8) : 4575, 1.
  4) mapper_tilebrush : void CTilesMix::DrawTileMix(uint16, uint16) : 4485, 1.
  3) mapper_tilebrush : void CTileSet::Draw() : 4724, 1.
  2) mapper_tilebrush : void DrawTile() : 5042, 1.
  1) mapper_tilebrush : void TileBrushMouseMove(int, int) : 5087, 1.
  0) mapper_main : void mouse_move(int, int) : 8283, 1.
Script callback: Error: No tile in X=140 Y=105 : mapper_tilebrush : CTilesMix@ CTilesMix::GenTilesMixByHex(uint16, uint16) : 4516, 1 : FOMapper::ParseMouse : Mapper.
Script callback: Not valid tilemix (probably no tile in place) : mapper_tilebrush : CTileSet@ CTilesMix::GetFirstStepTileSet(string, uint16, uint16, uint8, uint8 arg4 = 1) : 4602, 1 : FOMapper::ParseMouse : Mapper.
Script exception: Null pointer access : mapper_tilebrush : CTilesMix@ CTilesMix::GenNewTilesMix(uint16, uint16, uint8) : 4575, 1 : FOMapper::ParseMouse : Mapper.
Execution of script stopped due to exception.
Context<FOMapper::ParseMouse : Mapper>, state<Exception>, call stack<6>:
  5) mapper_tilebrush : CTilesMix@ CTilesMix::GenNewTilesMix(uint16, uint16, uint8) : 4575, 1.
  4) mapper_tilebrush : void CTilesMix::DrawTileMix(uint16, uint16) : 4485, 1.
  3) mapper_tilebrush : void CTileSet::Draw() : 4724, 1.
  2) mapper_tilebrush : void DrawTile() : 5042, 1.
  1) mapper_tilebrush : void TileBrushMouseMove(int, int) : 5087, 1.
  0) mapper_main : void mouse_move(int, int) : 8283, 1.
Script callback: DrtTst : mapper_tilebrush : CTilesMix@ CTilesMix::GenNewTilesMix(uint16, uint16, uint8) : 4585, 1 : FOMapper::ParseMouse : Mapper.
Script callback: DrtDrt : mapper_tilebrush : CTilesMix@ CTilesMix::GenNewTilesMix(uint16, uint16, uint8) : 4585, 1 : FOMapper::ParseMouse : Mapper.
Script callback: Error: No tile in X=140 Y=106 : mapper_tilebrush : CTilesMix@ CTilesMix::GenTilesMixByHex(uint16, uint16) : 4516, 1 : FOMapper::ParseMouse : Mapper.
Script callback: TilesMix not created : mapper_tilebrush : bool CTilesMix::DrawNeeded(uint16, uint16, uint8) : 4498, 1 : FOMapper::ParseMouse : Mapper.
Script callback: DrtDrt : mapper_tilebrush : CTilesMix@ CTilesMix::GenNewTilesMix(uint16, uint16, uint8) : 4585, 1 : FOMapper::ParseMouse : Mapper.
Script callback: Error: No tile in X=139 Y=106 : mapper_tilebrush : CTilesMix@ CTilesMix::GenTilesMixByHex(uint16, uint16) : 4516, 1 : FOMapper::ParseMouse : Mapper.
Script callback: TilesMix not created : mapper_tilebrush : bool CTilesMix::DrawNeeded(uint16, uint16, uint8) : 4498, 1 : FOMapper::ParseMouse : Mapper.
Script exception: Index out of bounds : mapper_tilebrush : CTileSet@ CTilesMix::GetFirstPathStep(string, string, uint8&inout) : 4637, 1 : FOMapper::ParseMouse : Mapper.
Execution of script stopped due to exception.
Context<FOMapper::ParseMouse : Mapper>, state<Exception>, call stack<11>:
  10) mapper_tilebrush : CTileSet@ CTilesMix::GetFirstPathStep(string, string, uint8&inout) : 4637, 1.
  9) mapper_tilebrush : CTileSet@ CTilesMix::GetFirstStepTileSet(string, uint16, uint16, uint8, uint8 arg4 = 1) : 4607, 1.
  8) mapper_tilebrush : CTilesMix@ CTilesMix::GenNewTilesMix(uint16, uint16, uint8) : 4574, 1.
  7) mapper_tilebrush : void CTilesMix::DrawTileMix(uint16, uint16) : 4485, 1.
  6) mapper_tilebrush : void CTilesMix::DrawTileMix(uint16, uint16) : 4486, 1.
  5) mapper_tilebrush : void CTilesMix::DrawTileMix(uint16, uint16) : 4486, 1.
  4) mapper_tilebrush : void CTilesMix::DrawTileMix(uint16, uint16) : 4486, 1.
  3) mapper_tilebrush : void CTileSet::Draw() : 4724, 1.
  2) mapper_tilebrush : void DrawTile() : 5042, 1.
  1) mapper_tilebrush : void TileBrushMouseMove(int, int) : 5087, 1.
  0) mapper_main : void mouse_move(int, int) : 8283, 1.
Script callback: Error: No tile in X=140 Y=106 : mapper_tilebrush : CTilesMix@ CTilesMix::GenTilesMixByHex(uint16, uint16) : 4516, 1 : FOMapper::ParseMouse : Mapper.
Script callback: Not valid tilemix (probably no tile in place) : mapper_tilebrush : CTileSet@ CTilesMix::GetFirstStepTileSet(string, uint16, uint16, uint8, uint8 arg4 = 1) : 4602, 1 : FOMapper::ParseMouse : Mapper.
Script exception: Null pointer access : mapper_tilebrush : CTilesMix@ CTilesMix::GenNewTilesMix(uint16, uint16, uint8) : 4575, 1 : FOMapper::ParseMouse : Mapper.
Execution of script stopped due to exception.
Context<FOMapper::ParseMouse : Mapper>, state<Exception>, call stack<6>:
  5) mapper_tilebrush : CTilesMix@ CTilesMix::GenNewTilesMix(uint16, uint16, uint8) : 4575, 1.
  4) mapper_tilebrush : void CTilesMix::DrawTileMix(uint16, uint16) : 4485, 1.
  3) mapper_tilebrush : void CTileSet::Draw() : 4724, 1.
  2) mapper_tilebrush : void DrawTile() : 5042, 1.
  1) mapper_tilebrush : void TileBrushMouseMove(int, int) : 5087, 1.
  0) mapper_main : void mouse_move(int, int) : 8283, 1.
Script callback: Error: No tile in X=140 Y=106 : mapper_tilebrush : CTilesMix@ CTilesMix::GenTilesMixByHex(uint16, uint16) : 4516, 1 : FOMapper::ParseMouse : Mapper.
Script callback: Not valid tilemix (probably no tile in place) : mapper_tilebrush : CTileSet@ CTilesMix::GetFirstStepTileSet(string, uint16, uint16, uint8, uint8 arg4 = 1) : 4602, 1 : FOMapper::ParseMouse : Mapper.
Script exception: Null pointer access : mapper_tilebrush : CTilesMix@ CTilesMix::GenNewTilesMix(uint16, uint16, uint8) : 4575, 1 : FOMapper::ParseMouse : Mapper.
Execution of script stopped due to exception.
Context<FOMapper::ParseMouse : Mapper>, state<Exception>, call stack<6>:
  5) mapper_tilebrush : CTilesMix@ CTilesMix::GenNewTilesMix(uint16, uint16, uint8) : 4575, 1.
  4) mapper_tilebrush : void CTilesMix::DrawTileMix(uint16, uint16) : 4485, 1.
  3) mapper_tilebrush : void CTileSet::Draw() : 4724, 1.
  2) mapper_tilebrush : void DrawTile() : 5042, 1.
  1) mapper_tilebrush : void TileBrushMouseMove(int, int) : 5087, 1.
  0) mapper_main : void mouse_move(int, int) : 8283, 1.
Script callback: Error: No tile in X=140 Y=106 : mapper_tilebrush : CTilesMix@ CTilesMix::GenTilesMixByHex(uint16, uint16) : 4516, 1 : FOMapper::ParseMouse : Mapper.
Script callback: Not valid tilemix (probably no tile in place) : mapper_tilebrush : CTileSet@ CTilesMix::GetFirstStepTileSet(string, uint16, uint16, uint8, uint8 arg4 = 1) : 4602, 1 : FOMapper::ParseMouse : Mapper.
Script exception: Null pointer access : mapper_tilebrush : CTilesMix@ CTilesMix::GenNewTilesMix(uint16, uint16, uint8) : 4575, 1 : FOMapper::ParseMouse : Mapper.
Execution of script stopped due to exception.
Context<FOMapper::ParseMouse : Mapper>, state<Exception>, call stack<6>:
  5) mapper_tilebrush : CTilesMix@ CTilesMix::GenNewTilesMix(uint16, uint16, uint8) : 4575, 1.
  4) mapper_tilebrush : void CTilesMix::DrawTileMix(uint16, uint16) : 4485, 1.
  3) mapper_tilebrush : void CTileSet::Draw() : 4724, 1.
  2) mapper_tilebrush : void DrawTile() : 5042, 1.
  1) mapper_tilebrush : void TileBrushMouseMove(int, int) : 5087, 1.
  0) mapper_main : void mouse_move(int, int) : 8283, 1.
Script callback: DrtTst : mapper_tilebrush : CTilesMix@ CTilesMix::GenNewTilesMix(uint16, uint16, uint8) : 4585, 1 : FOMapper::ParseMouse : Mapper.
Script callback: DrtDrt : mapper_tilebrush : CTilesMix@ CTilesMix::GenNewTilesMix(uint16, uint16, uint8) : 4585, 1 : FOMapper::ParseMouse : Mapper.
Script callback: Error: No tile in X=140 Y=107 : mapper_tilebrush : CTilesMix@ CTilesMix::GenTilesMixByHex(uint16, uint16) : 4516, 1 : FOMapper::ParseMouse : Mapper.
Script callback: TilesMix not created : mapper_tilebrush : bool CTilesMix::DrawNeeded(uint16, uint16, uint8) : 4498, 1 : FOMapper::ParseMouse : Mapper.
Script exception: Index out of bounds : mapper_tilebrush : CTileSet@ CTilesMix::GetFirstPathStep(string, string, uint8&inout) : 4637, 1 : FOMapper::ParseMouse : Mapper.
Execution of script stopped due to exception.
Context<FOMapper::ParseMouse : Mapper>, state<Exception>, call stack<11>:
  10) mapper_tilebrush : CTileSet@ CTilesMix::GetFirstPathStep(string, string, uint8&inout) : 4637, 1.
  9) mapper_tilebrush : CTileSet@ CTilesMix::GetFirstStepTileSet(string, uint16, uint16, uint8, uint8 arg4 = 1) : 4607, 1.
  8) mapper_tilebrush : CTileSet@ CTilesMix::GetFirstStepTileSet(string, uint16, uint16, uint8, uint8 arg4 = 1) : 4614, 1.
  7) mapper_tilebrush : CTilesMix@ CTilesMix::GenNewTilesMix(uint16, uint16, uint8) : 4574, 1.
  6) mapper_tilebrush : void CTilesMix::DrawTileMix(uint16, uint16) : 4485, 1.
  5) mapper_tilebrush : void CTilesMix::DrawTileMix(uint16, uint16) : 4486, 1.
  4) mapper_tilebrush : void CTilesMix::DrawTileMix(uint16, uint16) : 4486, 1.
  3) mapper_tilebrush : void CTileSet::Draw() : 4724, 1.
  2) mapper_tilebrush : void DrawTile() : 5042, 1.
  1) mapper_tilebrush : void TileBrushMouseMove(int, int) : 5087, 1.
  0) mapper_main : void mouse_move(int, int) : 8283, 1.
Script callback: Error: No tile in X=140 Y=107 : mapper_tilebrush : CTilesMix@ CTilesMix::GenTilesMixByHex(uint16, uint16) : 4516, 1 : FOMapper::ParseMouse : Mapper.
Script callback: Not valid tilemix (probably no tile in place) : mapper_tilebrush : CTileSet@ CTilesMix::GetFirstStepTileSet(string, uint16, uint16, uint8, uint8 arg4 = 1) : 4602, 1 : FOMapper::ParseMouse : Mapper.
Script exception: Null pointer access : mapper_tilebrush : CTilesMix@ CTilesMix::GenNewTilesMix(uint16, uint16, uint8) : 4575, 1 : FOMapper::ParseMouse : Mapper.
Execution of script stopped due to exception.
Context<FOMapper::ParseMouse : Mapper>, state<Exception>, call stack<6>:
  5) mapper_tilebrush : CTilesMix@ CTilesMix::GenNewTilesMix(uint16, uint16, uint8) : 4575, 1.
  4) mapper_tilebrush : void CTilesMix::DrawTileMix(uint16, uint16) : 4485, 1.
  3) mapper_tilebrush : void CTileSet::Draw() : 4724, 1.
  2) mapper_tilebrush : void DrawTile() : 5042, 1.
  1) mapper_tilebrush : void TileBrushMouseMove(int, int) : 5087, 1.
  0) mapper_main : void mouse_move(int, int) : 8283, 1.
Script callback: Error: No tile in X=140 Y=107 : mapper_tilebrush : CTilesMix@ CTilesMix::GenTilesMixByHex(uint16, uint16) : 4516, 1 : FOMapper::ParseMouse : Mapper.
Script callback: Not valid tilemix (probably no tile in place) : mapper_tilebrush : CTileSet@ CTilesMix::GetFirstStepTileSet(string, uint16, uint16, uint8, uint8 arg4 = 1) : 4602, 1 : FOMapper::ParseMouse : Mapper.
Script exception: Null pointer access : mapper_tilebrush : CTilesMix@ CTilesMix::GenNewTilesMix(uint16, uint16, uint8) : 4575, 1 : FOMapper::ParseMouse : Mapper.
Execution of script stopped due to exception.
Context<FOMapper::ParseMouse : Mapper>, state<Exception>, call stack<6>:
  5) mapper_tilebrush : CTilesMix@ CTilesMix::GenNewTilesMix(uint16, uint16, uint8) : 4575, 1.
  4) mapper_tilebrush : void CTilesMix::DrawTileMix(uint16, uint16) : 4485, 1.
  3) mapper_tilebrush : void CTileSet::Draw() : 4724, 1.
  2) mapper_tilebrush : void DrawTile() : 5042, 1.
  1) mapper_tilebrush : void TileBrushMouseMove(int, int) : 5087, 1.
  0) mapper_main : void mouse_move(int, int) : 8283, 1.
Script callback: Error: No tile in X=140 Y=107 : mapper_tilebrush : CTilesMix@ CTilesMix::GenTilesMixByHex(uint16, uint16) : 4516, 1 : FOMapper::ParseMouse : Mapper.
Script callback: Not valid tilemix (probably no tile in place) : mapper_tilebrush : CTileSet@ CTilesMix::GetFirstStepTileSet(string, uint16, uint16, uint8, uint8 arg4 = 1) : 4602, 1 : FOMapper::ParseMouse : Mapper.
Script exception: Null pointer access : mapper_tilebrush : CTilesMix@ CTilesMix::GenNewTilesMix(uint16, uint16, uint8) : 4575, 1 : FOMapper::ParseMouse : Mapper.
Execution of script stopped due to exception.
Context<FOMapper::ParseMouse : Mapper>, state<Exception>, call stack<6>:
  5) mapper_tilebrush : CTilesMix@ CTilesMix::GenNewTilesMix(uint16, uint16, uint8) : 4575, 1.
  4) mapper_tilebrush : void CTilesMix::DrawTileMix(uint16, uint16) : 4485, 1.
  3) mapper_tilebrush : void CTileSet::Draw() : 4724, 1.
  2) mapper_tilebrush : void DrawTile() : 5042, 1.
  1) mapper_tilebrush : void TileBrushMouseMove(int, int) : 5087, 1.
  0) mapper_main : void mouse_move(int, int) : 8283, 1.
Script callback: Error: No tile in X=140 Y=107 : mapper_tilebrush : CTilesMix@ CTilesMix::GenTilesMixByHex(uint16, uint16) : 4516, 1 : FOMapper::ParseMouse : Mapper.
Script callback: Not valid tilemix (probably no tile in place) : mapper_tilebrush : CTileSet@ CTilesMix::GetFirstStepTileSet(string, uint16, uint16, uint8, uint8 arg4 = 1) : 4602, 1 : FOMapper::ParseMouse : Mapper.
Script exception: Null pointer access : mapper_tilebrush : CTilesMix@ CTilesMix::GenNewTilesMix(uint16, uint16, uint8) : 4575, 1 : FOMapper::ParseMouse : Mapper.
Execution of script stopped due to exception.
Context<FOMapper::ParseMouse : Mapper>, state<Exception>, call stack<6>:
  5) mapper_tilebrush : CTilesMix@ CTilesMix::GenNewTilesMix(uint16, uint16, uint8) : 4575, 1.
  4) mapper_tilebrush : void CTilesMix::DrawTileMix(uint16, uint16) : 4485, 1.
  3) mapper_tilebrush : void CTileSet::Draw() : 4724, 1.
  2) mapper_tilebrush : void DrawTile() : 5042, 1.
  1) mapper_tilebrush : void TileBrushMouseMove(int, int) : 5087, 1.
  0) mapper_main : void mouse_move(int, int) : 8283, 1.
