#
# Critter parameters
#

0      art\skilldex\empty.png  # Strength     (Basic Stat)
1      art\skilldex\empty.png  # Perception   (Basic Stat)
2      art\skilldex\empty.png    # Endurance    (Basic Stat)
3      art\skilldex\empty.png  # Charisma     (Basic Stat)
4      art\skilldex\empty.png    # Intelligence (Basic Stat)
5      art\skilldex\empty.png   # Agility      (Basic Stat)
6      art\skilldex\empty.png     # Luck         (Basic Stat)
7      art\skilldex\empty.png  # Hit Points
8      art\skilldex\empty.png  # Action Points
9      art\skilldex\empty.png  # Armor Class
10     art\skilldex\empty.png  # Melee Damage
11     art\skilldex\empty.png  # Carry Weight (Carry Amount)
12     art\skilldex\empty.png  # Sequence
13     art\skilldex\empty.png  # Healing Rate
14     art\skilldex\empty.png  # Critical Chance
23     art\skilldex\empty.png  # Damage Resistance
30     art\skilldex\empty.png  # Radiation resist
31     art\skilldex\empty.png  # Poison Resistance
72     art\skilldex\empty.png  # Hit Points
73     art\skilldex\empty.png  # Poison level
74     art\skilldex\empty.png  # Radiation level
76     art\skilldex\empty.png    # Experience
77     art\skilldex\empty.png     # Level

200    art\skilldex\empty.png    # Small Guns
201    art\skilldex\empty.png    # Big Guns
202    art\skilldex\empty.png  # Energy Weapons
203    art\skilldex\empty.png   # Unarmed
204    art\skilldex\empty.png     # Melee Weapons
205    art\skilldex\empty.png  # Throwing
206    art\skilldex\empty.png  # First Aid
207    art\skilldex\empty.png    # Doctor
208    art\skilldex\empty.png     # Sneak
209    art\skilldex\empty.png  # Lockpick
210    art\skilldex\empty.png    # Steal
211    art\skilldex\empty.png     # Traps
212    art\skilldex\empty.png   # Science
213    art\skilldex\empty.png   # Repair
214    art\skilldex\empty.png    # Speech
215    art\skilldex\empty.png    # Barter
216    art\skilldex\empty.png  # Gambling
217    art\skilldex\empty.png  # Outdoorsman

260    art\skilldex\empty.png     # Men
261    art\skilldex\empty.png     # Women
262    art\skilldex\empty.png     # Children
263    art\skilldex\empty.png     # Super Mutant
264    art\skilldex\empty.png     # Ghoul
265    art\skilldex\empty.png     # Brahmin
266    art\skilldex\empty.png     # Redscorpion
267    art\skilldex\empty.png     # Rat
268    art\skilldex\empty.png     # Floater
269    art\skilldex\empty.png     # Centaur
270    art\skilldex\empty.png     # Robot
271    art\skilldex\empty.png     # Dog
272    art\skilldex\empty.png     # Manti
273    art\skilldex\empty.png     # Deathclaw
274    art\skilldex\empty.png     # Plant
275    art\skilldex\empty.png     # Gecko
276    art\skilldex\empty.png     # Alien
277    art\skilldex\empty.png     # Giant Ant
278    art\skilldex\empty.png     # Big Bad Boss
279    art\skilldex\empty.png     # Giant Beetle
280    art\skilldex\empty.png     # Giant Wasp

300    art\skilldex\empty.png  # Bookworm
301    art\skilldex\empty.png  # Awareness
302    art\skilldex\empty.png   # Bonus Hand-to-Hand Attacks
303    art\skilldex\empty.png    # Bonus Hand-to-Hand Damage
304    art\skilldex\empty.png  # Bonus Move
305    art\skilldex\empty.png  # Bonus Ranged Damage
306    art\skilldex\empty.png  # Bonus Rate of Fire
307    art\skilldex\empty.png  # Earlier Sequence
308    art\skilldex\empty.png  # Faster Healing
309    art\skilldex\empty.png  # More Criticals
310    art\skilldex\empty.png  # Night Vision
311    art\skilldex\empty.png  # Presence
312    art\skilldex\empty.png  # Rad Resistance
313    art\skilldex\empty.png  # Toughness
314    art\skilldex\empty.png  # Pack Animal
315    art\skilldex\empty.png# Sharpshooter
316    art\skilldex\empty.png  # Silent Running
317    art\skilldex\empty.png  # Survivalist
318    art\skilldex\empty.png  # Master Trader
319    art\skilldex\empty.png  # Educated
320    art\skilldex\empty.png    # Healer
321    art\skilldex\empty.png  # Fortune Finder
322    art\skilldex\empty.png  # Better Criticals
323    art\skilldex\empty.png  # Empathy
324    art\skilldex\empty.png    # Slayer
325    art\skilldex\empty.png    # Sniper
326    art\skilldex\empty.png   # Silent Death
327    art\skilldex\empty.png    # Action Boy
328    art\skilldex\empty.png  # Mental Block
329    art\skilldex\empty.png  # Lifegiver
330    art\skilldex\empty.png    # Dodger
331    art\skilldex\empty.png  # Snakeater
332    art\skilldex\empty.png   # Mr Fixit
333    art\skilldex\empty.png   # Medic
334    art\skilldex\empty.png  # Master Thief
335    art\skilldex\empty.png  # Speaker
336    art\skilldex\empty.png   # Heave Ho
337    art\skilldex\empty.png  # Friendly Foe
338    art\skilldex\empty.png  # Pickpocket
339    art\skilldex\empty.png   # Ghost
340    art\skilldex\empty.png  # Cult of Personality
341    art\skilldex\empty.png  # Scrounger
342    art\skilldex\empty.png  # Explorer
343    art\skilldex\empty.png   # Flower Child
344    art\skilldex\empty.png  # Pathfinder
345    art\skilldex\empty.png  # Animal Friend
346    art\skilldex\empty.png    # Scout
347    art\skilldex\empty.png # Mysterious Stranger
348    art\skilldex\empty.png   # Ranger
349    art\skilldex\empty.png  # Quick Pockets
350    art\skilldex\empty.png  # Smooth Talker
351    art\skilldex\empty.png  # Swift Learner
352    art\skilldex\empty.png     # Tag
353    art\skilldex\empty.png    # Mutate

380    art\skilldex\ADRNRUSH.FRM  # Adrenaline Rush
381    art\skilldex\CAUTIOUS.FRM  # Cautious Nature
382    art\skilldex\SWFTLERN.FRM  # Comprehension
383    art\skilldex\TRAPS.FRM     # Demolition Expert
384    art\skilldex\GAMBLING.FRM  # Gambler
385    art\skilldex\STRENGTH.FRM  # Gain Strength
386    art\skilldex\PERCEPTN.FRM  # Gain Perception
387    art\skilldex\ENDUR.FRM     # Gain Endurance
388    art\skilldex\CHARISMA.FRM  # Gain Charisma
389    art\skilldex\INTEL.FRM     # Gain Intelligence
390    art\skilldex\AGILITY.FRM   # Gain Agility
391    art\skilldex\LUCK.FRM      # Gain Luck
392    art\skilldex\HARMLESS.FRM  # Harmless
393    art\skilldex\HERE&NOW.FRM  # Here and Now
394    art\skilldex\H2HEVADE.FRM  # Hand to Hand Evade
395    art\skilldex\KMASUTRA.FRM  # Kama Sutra Master
396    art\skilldex\KARMABCN.FRM  # Karma Beacon
397    art\skilldex\LITESTEP.FRM  # Light Step
398    art\skilldex\LVNGANAT.FRM  # Living Anatomy
399    art\skilldex\MAGPERS.FRM   # Magnetic Personality
400    art\skilldex\BARTER.FRM    # Negotiator
401    art\skilldex\PACKRAT.FRM   # Pack Rat
402    art\skilldex\PYROMNAC.FRM  # Pyromaniac
403    art\skilldex\QWKRECOV.FRM  # Quick Recovery
404    art\skilldex\BARTER.FRM    # Salesman
405    art\skilldex\STONWALL.FRM  # Stonewall
406    art\skilldex\STEAL.FRM     # Thief
407    art\skilldex\WEPNHAND.FRM  # Weapon Handling

419    art\skilldex\JINXED.FRM    # Jinxed
420    art\skilldex\DRMLARMR.FRM  # Terminator

430    art\skilldex\GECKOSKN.FRM  # Gecko Skinning
431    art\skilldex\VCINNOC.FRM   # Vault City Inoculations
432    art\skilldex\DRMLARMR.FRM  # Dermal Armor
433    art\skilldex\DRMLARMR.FRM  # Dermal Armor
434    art\skilldex\PHNXARMR.FRM  # Phoenix Armor
435    art\skilldex\PHNXARMR.FRM  # Phoenix Armor
436    art\skilldex\PERCEPTN.FRM  # NCR Gain Perception
437    art\skilldex\ENDUR.FRM     # NCR Gain Endurance
438    art\skilldex\BARTER.FRM    # NCR Gain Barter
439    art\skilldex\REPAIR.FRM    # NCR Gain Repair

470    art\skilldex\NUKACOLA.FRM  # Nuka-Cola
471    art\skilldex\BUFFOUTS.FRM  # Buffout
472    art\skilldex\MENTATS.FRM   # Mentats
473    art\skilldex\PSYCHO.FRM    # Psycho
474    art\skilldex\RADAWAY.FRM   # Radaway
475    art\skilldex\JETADICT.FRM  # Jet
476    art\skilldex\TRAGIC.FRM    # Tragic

480    art\skilldex\REPBRSRK.FRM  # Reputation (Berserker)
481    art\skilldex\REPGOOD.FRM   # Reputation (Champion)
482    art\skilldex\REPCHILD.FRM  # Reputation (Child Killer)
483    art\skilldex\EXPERTSX.FRM  # Expert (Sex for New Reno)
484    art\skilldex\FIGHTER.FRM   # Fighter Rep
485    art\skilldex\GIGOLO.FRM    # Gigolo (Sex for New Reno)
486    art\skilldex\GRAVEROB.FRM  # Grave-robber
487    art\skilldex\MARRIED.FRM   # Married Rep
488    art\skilldex\PORNSTAR.FRM  # Pornstar (Sex for New Reno)
489    art\skilldex\SLAVER.FRM    # Slaver Rep
490    art\skilldex\VIRGIN.FRM    # Virgin (Sex for New Reno)
491    art\skilldex\MADEMAN.FRM   # Made Man Rep
492    art\skilldex\MADEMAN.FRM   # Made Man Rep
493    art\skilldex\MADEMAN.FRM   # Made Man Rep
494    art\skilldex\MADEMAN.FRM   # Made Man Rep
495    art\skilldex\DIVORCED.FRM  # Divorced/Widowed
496    art\skilldex\pbear.png     # Pedobear
497    art\skilldex\EXPER.FRM     # Vault City Guarsman

500    art\skilldex\empty.png  # Poisoned
501    art\skilldex\empty.png  # Radiated
502    art\skilldex\empty.png # Eye Damage
503    art\skilldex\empty.png  # Crippled Right Arm
504    art\skilldex\empty.png  # Crippled Left Arm
505    art\skilldex\empty.png  # Crippled Right Leg
506    art\skilldex\empty.png  # Crippled Left Leg

550    art\skilldex\empty.png  # Fast Metabolism
551    art\skilldex\empty.png   # Bruiser
552    art\skilldex\empty.png  # Small Frame
553    art\skilldex\empty.png   # One Hander
554    art\skilldex\empty.png   # Finesse
555    art\skilldex\empty.png  # Kamikaze
556    art\skilldex\empty.png  # Heavy Handed
557    art\skilldex\empty.png  # Fast Shot
558    art\skilldex\empty.png   # Bloody Mess
559    art\skilldex\empty.png    # Jinxed
560    art\skilldex\empty.png  # Good Natured
561    art\skilldex\empty.png    # Drug Addict
562    art\skilldex\empty.png  # Drug Resistant
563    art\skilldex\empty.png  # Sexappeal
564    art\skilldex\empty.png   # Skilled
565    art\skilldex\empty.png  # Night Person
566    art\skilldex\empty.png    # Gifted

#
# Character tabs
#

1000   art\skilldex\PERKS.FRM     # Perks
1001   art\skilldex\empty.png     # Kills
1002   art\skilldex\KARMA.FRM     # Karma
1003   art\skilldex\TRAITS.FRM    # Traits
1004   art\skilldex\REP.FRM       # Reputation (Good/Bad)
1005   art\skilldex\empty.png    # Skills/Tag Skills/Skill Points
1006   art\skilldex\LEVELNXT.FRM  # Next Level
1007   art\skilldex\ADDICT.FRM    # Drug addiction
1008   art\skilldex\ALCHOHOL.FRM  # Alcohol addiction

#
# Whole reputation
#

2000   art\skilldex\GUARDIAN.FRM  # Savior of the Damned
2001   art\skilldex\GUARDIAN.FRM  # Guardian Rep
2002   art\skilldex\SHLDHOPE.FRM  # Shield of Hope Rep
2003   art\skilldex\DEFENDER.FRM  # Defender Rep
2004   art\skilldex\WANDERER.FRM  # Wanderer Rep
2005   art\skilldex\BETRAY.FRM    # Betrayer
2006   art\skilldex\DESPAIR.FRM   # Despair Rep
2007   art\skilldex\SCOURGE.FRM   # Scourge Rep
2008   art\skilldex\DEMON.FRM     # Demon Rep

#
# Town reputation
#

2100   art\skilldex\IDOLIZED.FRM  # Idolized Rep
2101   art\skilldex\LIKED.FRM     # Liked Rep
2102   art\skilldex\LIKED.FRM     # Accepted
2103   art\skilldex\NEUTRAL.FRM   # Neutral Rep
2104   art\skilldex\HATED.FRM     # Antipathy
2105   art\skilldex\HATED.FRM     # Hated Rep
2106   art\skilldex\VILLFIED.FRM  # Villified Rep


